2026-03-31 13:19:24.352 | INFO     | app.main:startup_event:68 - Starting Bet261 Prediction Engine...
2026-03-31 13:19:24.585 | INFO     | app.main:startup_event:73 - Database initialized
2026-03-31 13:19:24.622 | INFO     | app.services.ml_ensemble:load_models:422 - Loaded logistic_regression
2026-03-31 13:19:25.080 | INFO     | app.services.ml_ensemble:load_models:422 - Loaded random_forest
2026-03-31 13:19:25.173 | INFO     | app.services.ml_ensemble:load_models:422 - Loaded gradient_boosting
2026-03-31 13:19:25.662 | INFO     | app.services.ml_ensemble:load_models:422 - Loaded xgboost
2026-03-31 13:19:25.821 | INFO     | app.services.ml_ensemble:load_models:422 - Loaded lightgbm
2026-03-31 13:19:26.138 | INFO     | app.services.ml_ensemble:load_models:422 - Loaded mlp
2026-03-31 13:19:26.279 | INFO     | app.services.ml_ensemble:load_models:422 - Loaded catboost
2026-03-31 13:19:26.351 | INFO     | app.services.ml_ensemble:load_models:440 - All models loaded successfully
2026-03-31 13:19:26.352 | INFO     | app.services.continuous_learning:load_models:156 - Loaded saved ML models
2026-03-31 13:19:26.352 | INFO     | app.main:startup_event:82 - ML models loaded
2026-03-31 13:19:26.396 | INFO     | app.services.bankroll_v2:_load_state:119 - Bankroll loaded: 100000 Ar, Season: None
2026-03-31 13:19:26.397 | WARNING  | app.services.lstm_model:_build_model:58 - TensorFlow non disponible. Le LSTM tournera en mode Heuristique (Fallback numpy).
2026-03-31 13:19:26.424 | INFO     | app.services.match_analyzer:__init__:36 - MatchAnalyzer initialized with learner weights: V=1.00, N=1.00, D=1.00
2026-03-31 13:19:26.432 | INFO     | app.services.realtime_engine:_load_optimization_config:1415 - Configuration optimisée chargée depuis 9000+ matchs
2026-03-31 13:19:26.448 | INFO     | app.services.aggressive_learner:load_learning_state:344 - État d'apprentissage chargé: outcome_weights={'V': 1.0, 'N': 0.9, 'D': 0.9}
2026-03-31 13:19:26.449 | INFO     | app.services.realtime_engine:__init__:99 - Aggressive learner chargé: {'outcome_weights': {'V': 1.0, 'N': 0.9, 'D': 0.9}, 'model_weights': {'engine': 0.25, 'ml': 0.45, 'odds': 0.22, 'h2h': 0.08}, 'context_corrections_count': 2}
2026-03-31 13:19:26.460 | INFO     | app.services.realtime_engine:_load_persisted_state:1541 - Loaded cache state with 43 items
2026-03-31 13:19:26.468 | INFO     | app.services.rl_agent:load:185 - RL agent loaded: 0 states
2026-03-31 13:19:26.476 | INFO     | app.services.error_autopsy:load:437 - Error autopsy system loaded
2026-03-31 13:19:26.477 | INFO     | app.services.bankroll_v2:load:533 - Bankroll loaded: 100000 Ar
2026-03-31 13:19:26.477 | INFO     | app.services.realtime_engine:_load_persisted_state:1571 - Engine state loaded
2026-03-31 13:19:26.478 | INFO     | app.services.realtime_engine:_ensure_cache_initialized:191 - Cache initialized with 43 items - READY
2026-03-31 13:19:26.483 | INFO     | app.services.realtime_engine:_save_cache_to_disk:209 - Saved cache state to disk: 43 items
2026-03-31 13:19:26.484 | INFO     | app.services.realtime_engine:__init__:123 - RealTimeEngine initialized - cache ready
2026-03-31 13:19:26.484 | INFO     | app.services.realtime_engine:start:131 - RealTimeEngine starting background threads...
2026-03-31 13:19:26.485 | INFO     | app.main:startup_event:93 - Real-Time Engine started
2026-03-31 13:19:26.999 | INFO     | app.services.realtime_engine:load_historical_results:1402 - Loaded 14890 historical results into engine
2026-03-31 13:19:26.999 | INFO     | app.main:startup_event:126 - Loaded 14890 historical results into RT engine
2026-03-31 13:19:27.006 | INFO     | app.main:startup_event:135 - Orchestrator disabled - manual scraping control enabled
2026-03-31 13:19:27.006 | INFO     | app.main:startup_event:137 - Application started successfully
2026-03-31 13:19:27.660 | INFO     | app.core.socket_manager:connect:26 - Client connected: vBdAySoIeg5buCBjAAAB
2026-03-31 13:19:27.673 | INFO     | app.core.socket_manager:connect:26 - Client connected: oGPcV1N_Sp1e1FssAAAD
2026-03-31 13:19:27.695 | INFO     | app.core.socket_manager:connect:26 - Client connected: TVtF2G5MPk0d5cq5AAAF
2026-03-31 13:19:27.719 | INFO     | app.core.socket_manager:connect:26 - Client connected: ijqXjfHI5cZymw-bAAAH
2026-03-31 13:19:27.758 | INFO     | app.core.socket_manager:connect:26 - Client connected: Yo5aJNldLvUTajmqAAAJ
2026-03-31 13:19:27.772 | INFO     | app.core.socket_manager:connect:26 - Client connected: p9jLhn3SuLhLKrnFAAAL
2026-03-31 13:19:29.561 | INFO     | app.core.socket_manager:connect:26 - Client connected: b0aDg7mSlb6wLlx-AAAN
2026-03-31 13:19:29.860 | INFO     | app.services.elite_selector:_load_state:76 - Elite state loaded: 0 predictions used
2026-03-31 13:19:29.860 | INFO     | app.services.elite_selector:__init__:62 - EliteSelector initialized: 0/20 slots used for season 114
2026-03-31 13:19:30.253 | INFO     | app.core.socket_manager:connect:26 - Client connected: 1Nr7cVpztLakbx0nAAAP
2026-03-31 13:19:30.269 | INFO     | app.core.socket_manager:connect:26 - Client connected: h-b1LQkRz5MD83IEAAAR
2026-03-31 13:19:30.932 | INFO     | app.core.socket_manager:connect:26 - Client connected: MXXBkLRjYaGmrPTzAAAT
2026-03-31 13:22:55.064 | INFO     | app.services.realtime_engine:_ensure_cache_initialized:191 - Cache initialized with 43 items - READY
2026-03-31 13:22:55.075 | INFO     | app.services.realtime_engine:_save_cache_to_disk:209 - Saved cache state to disk: 43 items
2026-03-31 13:22:55.096 | INFO     | app.services.realtime_engine:_ensure_cache_initialized:191 - Cache initialized with 43 items - READY
2026-03-31 13:22:55.105 | INFO     | app.services.realtime_engine:_save_cache_to_disk:209 - Saved cache state to disk: 43 items
2026-03-31 13:23:29.948 | INFO     | app.core.socket_manager:disconnect:31 - Client disconnected: oGPcV1N_Sp1e1FssAAAD
2026-03-31 13:23:29.950 | INFO     | app.core.socket_manager:disconnect:31 - Client disconnected: TVtF2G5MPk0d5cq5AAAF
2026-03-31 13:23:29.951 | INFO     | app.core.socket_manager:disconnect:31 - Client disconnected: vBdAySoIeg5buCBjAAAB
2026-03-31 13:23:29.952 | INFO     | app.core.socket_manager:disconnect:31 - Client disconnected: Yo5aJNldLvUTajmqAAAJ
2026-03-31 13:23:29.953 | INFO     | app.core.socket_manager:disconnect:31 - Client disconnected: p9jLhn3SuLhLKrnFAAAL
2026-03-31 13:23:29.953 | INFO     | app.core.socket_manager:disconnect:31 - Client disconnected: b0aDg7mSlb6wLlx-AAAN
2026-03-31 13:23:29.954 | INFO     | app.core.socket_manager:disconnect:31 - Client disconnected: ijqXjfHI5cZymw-bAAAH
2026-03-31 13:23:29.955 | INFO     | app.core.socket_manager:disconnect:31 - Client disconnected: MXXBkLRjYaGmrPTzAAAT
2026-03-31 13:23:29.955 | INFO     | app.core.socket_manager:disconnect:31 - Client disconnected: 1Nr7cVpztLakbx0nAAAP
2026-03-31 13:23:29.957 | INFO     | app.core.socket_manager:disconnect:31 - Client disconnected: h-b1LQkRz5MD83IEAAAR
2026-03-31 13:23:30.444 | INFO     | app.core.socket_manager:connect:26 - Client connected: dZyv4fIZonKBuYBZAAAV
2026-03-31 13:23:30.462 | INFO     | app.core.socket_manager:connect:26 - Client connected: WXbKgXZTkdPu7bSNAAAX
2026-03-31 13:23:30.490 | INFO     | app.core.socket_manager:connect:26 - Client connected: byHOfk_8aBuS0sS4AAAZ
2026-03-31 13:23:30.524 | INFO     | app.core.socket_manager:connect:26 - Client connected: Z5cuXjN677JSz3SIAAAb
2026-03-31 13:23:30.544 | INFO     | app.core.socket_manager:connect:26 - Client connected: XVXVX8VGoJny9ae7AAAd
2026-03-31 13:23:30.559 | INFO     | app.core.socket_manager:connect:26 - Client connected: 7EGSWJ-yCFN6eXS5AAAf
2026-03-31 13:23:30.583 | INFO     | app.core.socket_manager:connect:26 - Client connected: uZVBJ1UndFzzH9PNAAAh
2026-03-31 13:23:30.614 | INFO     | app.core.socket_manager:connect:26 - Client connected: t3FTsTPt3WhjTikWAAAj
2026-03-31 13:23:30.646 | INFO     | app.core.socket_manager:connect:26 - Client connected: su3WCe9sTb42HC5HAAAl
2026-03-31 13:23:30.677 | INFO     | app.core.socket_manager:connect:26 - Client connected: vTQgJGsW2OFVKgu_AAAn
2026-03-31 13:25:14.749 | INFO     | app.core.socket_manager:disconnect:31 - Client disconnected: vTQgJGsW2OFVKgu_AAAn
2026-03-31 13:25:14.750 | INFO     | app.core.socket_manager:disconnect:31 - Client disconnected: su3WCe9sTb42HC5HAAAl
2026-03-31 13:25:14.750 | INFO     | app.core.socket_manager:disconnect:31 - Client disconnected: WXbKgXZTkdPu7bSNAAAX
2026-03-31 13:25:14.750 | INFO     | app.core.socket_manager:disconnect:31 - Client disconnected: dZyv4fIZonKBuYBZAAAV
2026-03-31 13:25:14.751 | INFO     | app.core.socket_manager:disconnect:31 - Client disconnected: t3FTsTPt3WhjTikWAAAj
2026-03-31 13:25:14.752 | INFO     | app.core.socket_manager:disconnect:31 - Client disconnected: XVXVX8VGoJny9ae7AAAd
2026-03-31 13:25:14.752 | INFO     | app.core.socket_manager:disconnect:31 - Client disconnected: byHOfk_8aBuS0sS4AAAZ
2026-03-31 13:25:14.766 | INFO     | app.core.socket_manager:disconnect:31 - Client disconnected: Z5cuXjN677JSz3SIAAAb
2026-03-31 13:25:14.767 | INFO     | app.core.socket_manager:disconnect:31 - Client disconnected: uZVBJ1UndFzzH9PNAAAh
2026-03-31 13:25:14.769 | INFO     | app.core.socket_manager:disconnect:31 - Client disconnected: 7EGSWJ-yCFN6eXS5AAAf
2026-03-31 13:25:22.023 | INFO     | app.core.socket_manager:connect:26 - Client connected: m4t_c9DlVVWaqLCMAAAp
2026-03-31 13:25:22.071 | INFO     | app.core.socket_manager:connect:26 - Client connected: XdMT35L3uN2xWjm4AAAr
2026-03-31 13:25:22.077 | INFO     | app.core.socket_manager:connect:26 - Client connected: LFyKqNfR_4vFZTL-AAAt
2026-03-31 13:25:22.095 | INFO     | app.core.socket_manager:connect:26 - Client connected: E2UN5C8W47VjLvD1AAAv
2026-03-31 13:25:22.107 | INFO     | app.core.socket_manager:connect:26 - Client connected: al6qmLD_fLpx-ppEAAAx
2026-03-31 13:25:22.127 | INFO     | app.core.socket_manager:connect:26 - Client connected: FoLGgkvUo2TY9NJdAAAz
2026-03-31 13:25:22.358 | INFO     | app.core.socket_manager:connect:26 - Client connected: 7uaISxvczBmx0VFYAAA1
2026-03-31 13:25:22.374 | INFO     | app.core.socket_manager:connect:26 - Client connected: l-Zs6iofYn0VnwwZAAA3
2026-03-31 13:25:22.389 | INFO     | app.core.socket_manager:connect:26 - Client connected: SGQFvE5_IstfP-2TAAA5
2026-03-31 13:25:22.404 | INFO     | app.core.socket_manager:connect:26 - Client connected: Q8C-xvYpfOuJNQ5bAAA7
2026-03-31 13:25:33.437 | INFO     | app.services.realtime_engine:_ensure_cache_initialized:191 - Cache initialized with 43 items - READY
2026-03-31 13:25:33.448 | INFO     | app.services.realtime_engine:_save_cache_to_disk:209 - Saved cache state to disk: 43 items
2026-03-31 13:25:40.452 | INFO     | app.services.realtime_engine:_ensure_cache_initialized:191 - Cache initialized with 43 items - READY
2026-03-31 13:25:40.462 | INFO     | app.services.realtime_engine:_save_cache_to_disk:209 - Saved cache state to disk: 43 items
2026-03-31 13:26:11.891 | INFO     | app.core.socket_manager:disconnect:31 - Client disconnected: XdMT35L3uN2xWjm4AAAr
2026-03-31 13:26:11.892 | INFO     | app.core.socket_manager:disconnect:31 - Client disconnected: m4t_c9DlVVWaqLCMAAAp
2026-03-31 13:26:11.894 | INFO     | app.core.socket_manager:disconnect:31 - Client disconnected: SGQFvE5_IstfP-2TAAA5
2026-03-31 13:26:11.894 | INFO     | app.core.socket_manager:disconnect:31 - Client disconnected: 7uaISxvczBmx0VFYAAA1
2026-03-31 13:26:11.895 | INFO     | app.core.socket_manager:disconnect:31 - Client disconnected: al6qmLD_fLpx-ppEAAAx
2026-03-31 13:26:11.895 | INFO     | app.core.socket_manager:disconnect:31 - Client disconnected: E2UN5C8W47VjLvD1AAAv
2026-03-31 13:26:11.896 | INFO     | app.core.socket_manager:disconnect:31 - Client disconnected: l-Zs6iofYn0VnwwZAAA3
2026-03-31 13:26:11.896 | INFO     | app.core.socket_manager:disconnect:31 - Client disconnected: FoLGgkvUo2TY9NJdAAAz
2026-03-31 13:26:11.897 | INFO     | app.core.socket_manager:disconnect:31 - Client disconnected: LFyKqNfR_4vFZTL-AAAt
2026-03-31 13:26:11.898 | INFO     | app.core.socket_manager:disconnect:31 - Client disconnected: Q8C-xvYpfOuJNQ5bAAA7
2026-03-31 13:26:12.014 | INFO     | app.main:shutdown_event:142 - Shutting down Bet261 Prediction Engine...
2026-03-31 13:26:18.581 | INFO     | app.main:startup_event:68 - Starting Bet261 Prediction Engine...
2026-03-31 13:26:18.592 | INFO     | app.main:startup_event:73 - Database initialized
2026-03-31 13:26:18.593 | INFO     | app.services.ml_ensemble:load_models:422 - Loaded logistic_regression
2026-03-31 13:26:18.817 | INFO     | app.services.ml_ensemble:load_models:422 - Loaded random_forest
2026-03-31 13:26:18.851 | INFO     | app.services.ml_ensemble:load_models:422 - Loaded gradient_boosting
2026-03-31 13:26:18.998 | INFO     | app.services.ml_ensemble:load_models:422 - Loaded xgboost
2026-03-31 13:26:19.062 | INFO     | app.services.ml_ensemble:load_models:422 - Loaded lightgbm
2026-03-31 13:26:19.069 | INFO     | app.services.ml_ensemble:load_models:422 - Loaded mlp
2026-03-31 13:26:19.076 | INFO     | app.services.ml_ensemble:load_models:422 - Loaded catboost
2026-03-31 13:26:19.079 | INFO     | app.services.ml_ensemble:load_models:440 - All models loaded successfully
2026-03-31 13:26:19.080 | INFO     | app.services.continuous_learning:load_models:156 - Loaded saved ML models
2026-03-31 13:26:19.081 | INFO     | app.main:startup_event:82 - ML models loaded
2026-03-31 13:26:19.082 | INFO     | app.services.bankroll_v2:_load_state:119 - Bankroll loaded: 100000 Ar, Season: None
2026-03-31 13:26:19.083 | WARNING  | app.services.lstm_model:_build_model:58 - TensorFlow non disponible. Le LSTM tournera en mode Heuristique (Fallback numpy).
2026-03-31 13:26:19.084 | INFO     | app.services.match_analyzer:__init__:36 - MatchAnalyzer initialized with learner weights: V=1.00, N=1.00, D=1.00
2026-03-31 13:26:19.085 | INFO     | app.services.realtime_engine:_load_optimization_config:1415 - Configuration optimisée chargée depuis 9000+ matchs
2026-03-31 13:26:19.085 | INFO     | app.services.aggressive_learner:load_learning_state:344 - État d'apprentissage chargé: outcome_weights={'V': 1.0, 'N': 0.9, 'D': 0.9}
2026-03-31 13:26:19.086 | INFO     | app.services.realtime_engine:__init__:99 - Aggressive learner chargé: {'outcome_weights': {'V': 1.0, 'N': 0.9, 'D': 0.9}, 'model_weights': {'engine': 0.25, 'ml': 0.45, 'odds': 0.22, 'h2h': 0.08}, 'context_corrections_count': 2}
2026-03-31 13:26:19.102 | INFO     | app.services.realtime_engine:_load_persisted_state:1541 - Loaded cache state with 43 items
2026-03-31 13:26:19.103 | INFO     | app.services.rl_agent:load:185 - RL agent loaded: 0 states
2026-03-31 13:26:19.104 | INFO     | app.services.error_autopsy:load:437 - Error autopsy system loaded
2026-03-31 13:26:19.105 | INFO     | app.services.bankroll_v2:load:533 - Bankroll loaded: 100000 Ar
2026-03-31 13:26:19.105 | INFO     | app.services.realtime_engine:_load_persisted_state:1571 - Engine state loaded
2026-03-31 13:26:19.106 | INFO     | app.services.realtime_engine:_ensure_cache_initialized:191 - Cache initialized with 43 items - READY
2026-03-31 13:26:19.116 | INFO     | app.services.realtime_engine:_save_cache_to_disk:209 - Saved cache state to disk: 43 items
2026-03-31 13:26:19.116 | INFO     | app.services.realtime_engine:__init__:123 - RealTimeEngine initialized - cache ready
2026-03-31 13:26:19.117 | INFO     | app.services.realtime_engine:start:131 - RealTimeEngine starting background threads...
2026-03-31 13:26:19.117 | INFO     | app.main:startup_event:93 - Real-Time Engine started
2026-03-31 13:26:19.574 | INFO     | app.services.realtime_engine:load_historical_results:1402 - Loaded 14890 historical results into engine
2026-03-31 13:26:19.575 | INFO     | app.main:startup_event:126 - Loaded 14890 historical results into RT engine
2026-03-31 13:26:19.582 | INFO     | app.main:startup_event:135 - Orchestrator disabled - manual scraping control enabled
2026-03-31 13:26:19.583 | INFO     | app.main:startup_event:137 - Application started successfully
2026-03-31 13:26:19.618 | INFO     | app.core.socket_manager:connect:26 - Client connected: xMPNiLshVKF-948jAAAB
2026-03-31 13:26:19.640 | INFO     | app.core.socket_manager:connect:26 - Client connected: Iv0R09qlDJL5iXORAAAD
2026-03-31 13:26:19.655 | INFO     | app.core.socket_manager:connect:26 - Client connected: mWdd63BMIv7w22gYAAAF
2026-03-31 13:26:19.671 | INFO     | app.core.socket_manager:connect:26 - Client connected: V-XNMKbocuCgAkltAAAH
2026-03-31 13:26:19.686 | INFO     | app.core.socket_manager:connect:26 - Client connected: 4PRKrcSKXqqA0l9YAAAJ
2026-03-31 13:26:19.707 | INFO     | app.core.socket_manager:connect:26 - Client connected: -0LZaa0UB_r-49agAAAL
2026-03-31 13:26:19.723 | INFO     | app.core.socket_manager:connect:26 - Client connected: vV9beh722PgaHK5GAAAN
2026-03-31 13:26:19.739 | INFO     | app.core.socket_manager:connect:26 - Client connected: dWqhtXYdnxfNmp1bAAAP
2026-03-31 13:26:19.754 | INFO     | app.core.socket_manager:connect:26 - Client connected: iz4iuvukbuP-pGHNAAAR
2026-03-31 13:26:19.774 | INFO     | app.core.socket_manager:connect:26 - Client connected: OeljzJq4zL3EzBJFAAAT
2026-03-31 13:26:21.309 | INFO     | app.core.socket_manager:disconnect:31 - Client disconnected: Iv0R09qlDJL5iXORAAAD
2026-03-31 13:26:21.309 | INFO     | app.core.socket_manager:disconnect:31 - Client disconnected: dWqhtXYdnxfNmp1bAAAP
2026-03-31 13:26:21.310 | INFO     | app.core.socket_manager:disconnect:31 - Client disconnected: 4PRKrcSKXqqA0l9YAAAJ
2026-03-31 13:26:21.310 | INFO     | app.core.socket_manager:disconnect:31 - Client disconnected: iz4iuvukbuP-pGHNAAAR
2026-03-31 13:26:21.311 | INFO     | app.core.socket_manager:disconnect:31 - Client disconnected: mWdd63BMIv7w22gYAAAF
2026-03-31 13:26:21.311 | INFO     | app.core.socket_manager:disconnect:31 - Client disconnected: -0LZaa0UB_r-49agAAAL
2026-03-31 13:26:21.312 | INFO     | app.core.socket_manager:disconnect:31 - Client disconnected: OeljzJq4zL3EzBJFAAAT
2026-03-31 13:26:21.312 | INFO     | app.core.socket_manager:disconnect:31 - Client disconnected: V-XNMKbocuCgAkltAAAH
2026-03-31 13:26:21.313 | INFO     | app.core.socket_manager:disconnect:31 - Client disconnected: vV9beh722PgaHK5GAAAN
2026-03-31 13:26:21.313 | INFO     | app.core.socket_manager:disconnect:31 - Client disconnected: xMPNiLshVKF-948jAAAB
2026-03-31 13:26:21.411 | INFO     | app.main:shutdown_event:142 - Shutting down Bet261 Prediction Engine...
2026-03-31 13:26:27.495 | INFO     | app.main:startup_event:68 - Starting Bet261 Prediction Engine...
2026-03-31 13:26:27.509 | INFO     | app.main:startup_event:73 - Database initialized
2026-03-31 13:26:27.512 | INFO     | app.services.ml_ensemble:load_models:422 - Loaded logistic_regression
2026-03-31 13:26:27.726 | INFO     | app.services.ml_ensemble:load_models:422 - Loaded random_forest
2026-03-31 13:26:27.757 | INFO     | app.services.ml_ensemble:load_models:422 - Loaded gradient_boosting
2026-03-31 13:26:27.903 | INFO     | app.services.ml_ensemble:load_models:422 - Loaded xgboost
2026-03-31 13:26:27.964 | INFO     | app.services.ml_ensemble:load_models:422 - Loaded lightgbm
2026-03-31 13:26:27.971 | INFO     | app.services.ml_ensemble:load_models:422 - Loaded mlp
2026-03-31 13:26:27.977 | INFO     | app.services.ml_ensemble:load_models:422 - Loaded catboost
2026-03-31 13:26:27.981 | INFO     | app.services.ml_ensemble:load_models:440 - All models loaded successfully
2026-03-31 13:26:27.981 | INFO     | app.services.continuous_learning:load_models:156 - Loaded saved ML models
2026-03-31 13:26:27.981 | INFO     | app.main:startup_event:82 - ML models loaded
2026-03-31 13:26:27.982 | INFO     | app.services.bankroll_v2:_load_state:119 - Bankroll loaded: 100000 Ar, Season: None
2026-03-31 13:26:27.983 | WARNING  | app.services.lstm_model:_build_model:58 - TensorFlow non disponible. Le LSTM tournera en mode Heuristique (Fallback numpy).
2026-03-31 13:26:27.984 | INFO     | app.services.match_analyzer:__init__:36 - MatchAnalyzer initialized with learner weights: V=1.00, N=1.00, D=1.00
2026-03-31 13:26:27.985 | INFO     | app.services.realtime_engine:_load_optimization_config:1415 - Configuration optimisée chargée depuis 9000+ matchs
2026-03-31 13:26:27.986 | INFO     | app.services.aggressive_learner:load_learning_state:344 - État d'apprentissage chargé: outcome_weights={'V': 1.0, 'N': 0.9, 'D': 0.9}
2026-03-31 13:26:27.987 | INFO     | app.services.realtime_engine:__init__:99 - Aggressive learner chargé: {'outcome_weights': {'V': 1.0, 'N': 0.9, 'D': 0.9}, 'model_weights': {'engine': 0.25, 'ml': 0.45, 'odds': 0.22, 'h2h': 0.08}, 'context_corrections_count': 2}
2026-03-31 13:26:28.004 | INFO     | app.services.realtime_engine:_load_persisted_state:1541 - Loaded cache state with 43 items
2026-03-31 13:26:28.005 | INFO     | app.services.rl_agent:load:185 - RL agent loaded: 0 states
2026-03-31 13:26:28.006 | INFO     | app.services.error_autopsy:load:437 - Error autopsy system loaded
2026-03-31 13:26:28.007 | INFO     | app.services.bankroll_v2:load:533 - Bankroll loaded: 100000 Ar
2026-03-31 13:26:28.007 | INFO     | app.services.realtime_engine:_load_persisted_state:1571 - Engine state loaded
2026-03-31 13:26:28.007 | INFO     | app.services.realtime_engine:_ensure_cache_initialized:191 - Cache initialized with 43 items - READY
2026-03-31 13:26:28.019 | INFO     | app.services.realtime_engine:_save_cache_to_disk:209 - Saved cache state to disk: 43 items
2026-03-31 13:26:28.020 | INFO     | app.services.realtime_engine:__init__:123 - RealTimeEngine initialized - cache ready
2026-03-31 13:26:28.020 | INFO     | app.services.realtime_engine:start:131 - RealTimeEngine starting background threads...
2026-03-31 13:26:28.021 | INFO     | app.main:startup_event:93 - Real-Time Engine started
2026-03-31 13:26:28.496 | INFO     | app.services.realtime_engine:load_historical_results:1402 - Loaded 14890 historical results into engine
2026-03-31 13:26:28.496 | INFO     | app.main:startup_event:126 - Loaded 14890 historical results into RT engine
2026-03-31 13:26:28.501 | INFO     | app.main:startup_event:135 - Orchestrator disabled - manual scraping control enabled
2026-03-31 13:26:28.502 | INFO     | app.main:startup_event:137 - Application started successfully
2026-03-31 13:26:28.545 | INFO     | app.core.socket_manager:connect:26 - Client connected: _yn0dIyonKbSr8aiAAAB
2026-03-31 13:26:28.564 | INFO     | app.core.socket_manager:connect:26 - Client connected: D72aMHQl1BVc6iGyAAAD
2026-03-31 13:26:28.582 | INFO     | app.core.socket_manager:connect:26 - Client connected: pUZGFVZhx-RnrI9gAAAF
2026-03-31 13:26:28.604 | INFO     | app.core.socket_manager:connect:26 - Client connected: WU79nhzLxGqq1dYGAAAH
2026-03-31 13:26:28.619 | INFO     | app.core.socket_manager:connect:26 - Client connected: A5wgprjeuoGfCSURAAAJ
2026-03-31 13:26:28.640 | INFO     | app.core.socket_manager:connect:26 - Client connected: 9KpASWfgaC1DiAQOAAAL
2026-03-31 13:26:28.657 | INFO     | app.core.socket_manager:connect:26 - Client connected: HWAh-G2MJ7XW5wpYAAAN
2026-03-31 13:26:28.672 | INFO     | app.core.socket_manager:connect:26 - Client connected: Et6HtSlxNdsSMGLlAAAP
2026-03-31 13:26:28.698 | INFO     | app.core.socket_manager:connect:26 - Client connected: LjNmV_LmDR2DuQcnAAAR
2026-03-31 13:26:28.732 | INFO     | app.core.socket_manager:connect:26 - Client connected: Z6SeEjdyIbfZ4hZkAAAT
2026-03-31 13:26:30.563 | INFO     | app.core.socket_manager:disconnect:31 - Client disconnected: D72aMHQl1BVc6iGyAAAD
2026-03-31 13:26:30.564 | INFO     | app.core.socket_manager:disconnect:31 - Client disconnected: Et6HtSlxNdsSMGLlAAAP
2026-03-31 13:26:30.564 | INFO     | app.core.socket_manager:disconnect:31 - Client disconnected: A5wgprjeuoGfCSURAAAJ
2026-03-31 13:26:30.565 | INFO     | app.core.socket_manager:disconnect:31 - Client disconnected: LjNmV_LmDR2DuQcnAAAR
2026-03-31 13:26:30.565 | INFO     | app.core.socket_manager:disconnect:31 - Client disconnected: pUZGFVZhx-RnrI9gAAAF
2026-03-31 13:26:30.565 | INFO     | app.core.socket_manager:disconnect:31 - Client disconnected: 9KpASWfgaC1DiAQOAAAL
2026-03-31 13:26:30.566 | INFO     | app.core.socket_manager:disconnect:31 - Client disconnected: Z6SeEjdyIbfZ4hZkAAAT
2026-03-31 13:26:30.567 | INFO     | app.core.socket_manager:disconnect:31 - Client disconnected: WU79nhzLxGqq1dYGAAAH
2026-03-31 13:26:30.567 | INFO     | app.core.socket_manager:disconnect:31 - Client disconnected: HWAh-G2MJ7XW5wpYAAAN
2026-03-31 13:26:30.567 | INFO     | app.core.socket_manager:disconnect:31 - Client disconnected: _yn0dIyonKbSr8aiAAAB
2026-03-31 13:26:30.667 | INFO     | app.main:shutdown_event:142 - Shutting down Bet261 Prediction Engine...
2026-03-31 13:26:37.003 | INFO     | app.main:startup_event:68 - Starting Bet261 Prediction Engine...
2026-03-31 13:26:37.014 | INFO     | app.main:startup_event:73 - Database initialized
2026-03-31 13:26:37.016 | INFO     | app.services.ml_ensemble:load_models:422 - Loaded logistic_regression
2026-03-31 13:26:37.196 | INFO     | app.services.ml_ensemble:load_models:422 - Loaded random_forest
2026-03-31 13:26:37.226 | INFO     | app.services.ml_ensemble:load_models:422 - Loaded gradient_boosting
2026-03-31 13:26:37.364 | INFO     | app.services.ml_ensemble:load_models:422 - Loaded xgboost
2026-03-31 13:26:37.433 | INFO     | app.services.ml_ensemble:load_models:422 - Loaded lightgbm
2026-03-31 13:26:37.440 | INFO     | app.services.ml_ensemble:load_models:422 - Loaded mlp
2026-03-31 13:26:37.446 | INFO     | app.services.ml_ensemble:load_models:422 - Loaded catboost
2026-03-31 13:26:37.449 | INFO     | app.services.ml_ensemble:load_models:440 - All models loaded successfully
2026-03-31 13:26:37.450 | INFO     | app.services.continuous_learning:load_models:156 - Loaded saved ML models
2026-03-31 13:26:37.450 | INFO     | app.main:startup_event:82 - ML models loaded
2026-03-31 13:26:37.451 | INFO     | app.services.bankroll_v2:_load_state:119 - Bankroll loaded: 100000 Ar, Season: None
2026-03-31 13:26:37.452 | WARNING  | app.services.lstm_model:_build_model:58 - TensorFlow non disponible. Le LSTM tournera en mode Heuristique (Fallback numpy).
2026-03-31 13:26:37.453 | INFO     | app.services.match_analyzer:__init__:36 - MatchAnalyzer initialized with learner weights: V=1.00, N=1.00, D=1.00
2026-03-31 13:26:37.454 | INFO     | app.services.realtime_engine:_load_optimization_config:1415 - Configuration optimisée chargée depuis 9000+ matchs
2026-03-31 13:26:37.454 | INFO     | app.services.aggressive_learner:load_learning_state:344 - État d'apprentissage chargé: outcome_weights={'V': 1.0, 'N': 0.9, 'D': 0.9}
2026-03-31 13:26:37.454 | INFO     | app.services.realtime_engine:__init__:99 - Aggressive learner chargé: {'outcome_weights': {'V': 1.0, 'N': 0.9, 'D': 0.9}, 'model_weights': {'engine': 0.25, 'ml': 0.45, 'odds': 0.22, 'h2h': 0.08}, 'context_corrections_count': 2}
2026-03-31 13:26:37.471 | INFO     | app.services.realtime_engine:_load_persisted_state:1541 - Loaded cache state with 43 items
2026-03-31 13:26:37.472 | INFO     | app.services.rl_agent:load:185 - RL agent loaded: 0 states
2026-03-31 13:26:37.473 | INFO     | app.services.error_autopsy:load:437 - Error autopsy system loaded
2026-03-31 13:26:37.473 | INFO     | app.services.bankroll_v2:load:533 - Bankroll loaded: 100000 Ar
2026-03-31 13:26:37.474 | INFO     | app.services.realtime_engine:_load_persisted_state:1571 - Engine state loaded
2026-03-31 13:26:37.475 | INFO     | app.services.realtime_engine:_ensure_cache_initialized:191 - Cache initialized with 43 items - READY
2026-03-31 13:26:37.486 | INFO     | app.services.realtime_engine:_save_cache_to_disk:209 - Saved cache state to disk: 43 items
2026-03-31 13:26:37.486 | INFO     | app.services.realtime_engine:__init__:123 - RealTimeEngine initialized - cache ready
2026-03-31 13:26:37.487 | INFO     | app.services.realtime_engine:start:131 - RealTimeEngine starting background threads...
2026-03-31 13:26:37.487 | INFO     | app.main:startup_event:93 - Real-Time Engine started
2026-03-31 13:26:37.879 | INFO     | app.services.realtime_engine:load_historical_results:1402 - Loaded 14890 historical results into engine
2026-03-31 13:26:37.880 | INFO     | app.main:startup_event:126 - Loaded 14890 historical results into RT engine
2026-03-31 13:26:37.892 | INFO     | app.main:startup_event:135 - Orchestrator disabled - manual scraping control enabled
2026-03-31 13:26:37.893 | INFO     | app.main:startup_event:137 - Application started successfully
2026-03-31 13:26:37.930 | INFO     | app.core.socket_manager:connect:26 - Client connected: 31fB0Aa9z8snXovBAAAB
2026-03-31 13:26:37.958 | INFO     | app.core.socket_manager:connect:26 - Client connected: 8_mvvWm6T18x0FOoAAAD
2026-03-31 13:26:37.974 | INFO     | app.core.socket_manager:connect:26 - Client connected: 2FRKfGH5SzvYqXdXAAAF
2026-03-31 13:26:37.990 | INFO     | app.core.socket_manager:connect:26 - Client connected: gkbHeuBks3B5gzZQAAAH
2026-03-31 13:26:38.004 | INFO     | app.core.socket_manager:connect:26 - Client connected: UqnsSIChHGNIGki4AAAJ
2026-03-31 13:26:38.021 | INFO     | app.core.socket_manager:connect:26 - Client connected: l3uwtHRVYaTtzQaDAAAL
2026-03-31 13:26:38.035 | INFO     | app.core.socket_manager:connect:26 - Client connected: -et4GUvVhoT02gJbAAAN
2026-03-31 13:26:38.052 | INFO     | app.core.socket_manager:connect:26 - Client connected: UMz5vUcamRffV_vRAAAP
2026-03-31 13:26:38.067 | INFO     | app.core.socket_manager:connect:26 - Client connected: qd1M2dbaV1WPOhU7AAAR
2026-03-31 13:26:38.082 | INFO     | app.core.socket_manager:connect:26 - Client connected: Y2XTMfVw5emrD-D3AAAT
2026-03-31 13:26:40.847 | INFO     | app.core.socket_manager:disconnect:31 - Client disconnected: 8_mvvWm6T18x0FOoAAAD
2026-03-31 13:26:40.848 | INFO     | app.core.socket_manager:disconnect:31 - Client disconnected: UMz5vUcamRffV_vRAAAP
2026-03-31 13:26:40.854 | INFO     | app.core.socket_manager:disconnect:31 - Client disconnected: UqnsSIChHGNIGki4AAAJ
2026-03-31 13:26:40.854 | INFO     | app.core.socket_manager:disconnect:31 - Client disconnected: qd1M2dbaV1WPOhU7AAAR
2026-03-31 13:26:40.855 | INFO     | app.core.socket_manager:disconnect:31 - Client disconnected: 2FRKfGH5SzvYqXdXAAAF
2026-03-31 13:26:40.855 | INFO     | app.core.socket_manager:disconnect:31 - Client disconnected: l3uwtHRVYaTtzQaDAAAL
2026-03-31 13:26:40.855 | INFO     | app.core.socket_manager:disconnect:31 - Client disconnected: Y2XTMfVw5emrD-D3AAAT
2026-03-31 13:26:40.856 | INFO     | app.core.socket_manager:disconnect:31 - Client disconnected: gkbHeuBks3B5gzZQAAAH
2026-03-31 13:26:40.856 | INFO     | app.core.socket_manager:disconnect:31 - Client disconnected: -et4GUvVhoT02gJbAAAN
2026-03-31 13:26:40.856 | INFO     | app.core.socket_manager:disconnect:31 - Client disconnected: 31fB0Aa9z8snXovBAAAB
2026-03-31 13:26:40.925 | INFO     | app.main:shutdown_event:142 - Shutting down Bet261 Prediction Engine...
2026-03-31 13:26:46.959 | INFO     | app.main:startup_event:68 - Starting Bet261 Prediction Engine...
2026-03-31 13:26:46.970 | INFO     | app.main:startup_event:73 - Database initialized
2026-03-31 13:26:46.971 | INFO     | app.services.ml_ensemble:load_models:422 - Loaded logistic_regression
2026-03-31 13:26:47.179 | INFO     | app.services.ml_ensemble:load_models:422 - Loaded random_forest
2026-03-31 13:26:47.214 | INFO     | app.services.ml_ensemble:load_models:422 - Loaded gradient_boosting
2026-03-31 13:26:47.356 | INFO     | app.services.ml_ensemble:load_models:422 - Loaded xgboost
2026-03-31 13:26:47.415 | INFO     | app.services.ml_ensemble:load_models:422 - Loaded lightgbm
2026-03-31 13:26:47.423 | INFO     | app.services.ml_ensemble:load_models:422 - Loaded mlp
2026-03-31 13:26:47.429 | INFO     | app.services.ml_ensemble:load_models:422 - Loaded catboost
2026-03-31 13:26:47.432 | INFO     | app.services.ml_ensemble:load_models:440 - All models loaded successfully
2026-03-31 13:26:47.432 | INFO     | app.services.continuous_learning:load_models:156 - Loaded saved ML models
2026-03-31 13:26:47.432 | INFO     | app.main:startup_event:82 - ML models loaded
2026-03-31 13:26:47.433 | INFO     | app.services.bankroll_v2:_load_state:119 - Bankroll loaded: 100000 Ar, Season: None
2026-03-31 13:26:47.434 | WARNING  | app.services.lstm_model:_build_model:58 - TensorFlow non disponible. Le LSTM tournera en mode Heuristique (Fallback numpy).
2026-03-31 13:26:47.435 | INFO     | app.services.match_analyzer:__init__:36 - MatchAnalyzer initialized with learner weights: V=1.00, N=1.00, D=1.00
2026-03-31 13:26:47.436 | INFO     | app.services.realtime_engine:_load_optimization_config:1415 - Configuration optimisée chargée depuis 9000+ matchs
2026-03-31 13:26:47.437 | INFO     | app.services.aggressive_learner:load_learning_state:344 - État d'apprentissage chargé: outcome_weights={'V': 1.0, 'N': 0.9, 'D': 0.9}
2026-03-31 13:26:47.438 | INFO     | app.services.realtime_engine:__init__:99 - Aggressive learner chargé: {'outcome_weights': {'V': 1.0, 'N': 0.9, 'D': 0.9}, 'model_weights': {'engine': 0.25, 'ml': 0.45, 'odds': 0.22, 'h2h': 0.08}, 'context_corrections_count': 2}
2026-03-31 13:26:47.455 | INFO     | app.services.realtime_engine:_load_persisted_state:1541 - Loaded cache state with 43 items
2026-03-31 13:26:47.456 | INFO     | app.services.rl_agent:load:185 - RL agent loaded: 0 states
2026-03-31 13:26:47.457 | INFO     | app.services.error_autopsy:load:437 - Error autopsy system loaded
2026-03-31 13:26:47.457 | INFO     | app.services.bankroll_v2:load:533 - Bankroll loaded: 100000 Ar
2026-03-31 13:26:47.458 | INFO     | app.services.realtime_engine:_load_persisted_state:1571 - Engine state loaded
2026-03-31 13:26:47.458 | INFO     | app.services.realtime_engine:_ensure_cache_initialized:191 - Cache initialized with 43 items - READY
2026-03-31 13:26:47.468 | INFO     | app.services.realtime_engine:_save_cache_to_disk:209 - Saved cache state to disk: 43 items
2026-03-31 13:26:47.469 | INFO     | app.services.realtime_engine:__init__:123 - RealTimeEngine initialized - cache ready
2026-03-31 13:26:47.469 | INFO     | app.services.realtime_engine:start:131 - RealTimeEngine starting background threads...
2026-03-31 13:26:47.470 | INFO     | app.main:startup_event:93 - Real-Time Engine started
2026-03-31 13:26:47.913 | INFO     | app.services.realtime_engine:load_historical_results:1402 - Loaded 14890 historical results into engine
2026-03-31 13:26:47.913 | INFO     | app.main:startup_event:126 - Loaded 14890 historical results into RT engine
2026-03-31 13:26:47.923 | INFO     | app.main:startup_event:135 - Orchestrator disabled - manual scraping control enabled
2026-03-31 13:26:47.923 | INFO     | app.main:startup_event:137 - Application started successfully
2026-03-31 13:26:47.969 | INFO     | app.core.socket_manager:connect:26 - Client connected: BWI4LsIF8XGfmooFAAAB
2026-03-31 13:26:47.983 | INFO     | app.core.socket_manager:connect:26 - Client connected: 21Tuh9CTJfvN1lcxAAAD
2026-03-31 13:26:47.998 | INFO     | app.core.socket_manager:connect:26 - Client connected: o83N8OSQbAwhV44WAAAF
2026-03-31 13:26:48.015 | INFO     | app.core.socket_manager:connect:26 - Client connected: QSbpx7HCTU4n4ucvAAAH
2026-03-31 13:26:48.033 | INFO     | app.core.socket_manager:connect:26 - Client connected: IgDf1l7X-1bfW9dbAAAJ
2026-03-31 13:26:48.047 | INFO     | app.core.socket_manager:connect:26 - Client connected: yoGQB3IuumvUEwQiAAAL
2026-03-31 13:26:48.061 | INFO     | app.core.socket_manager:connect:26 - Client connected: uNjEYyYOT0go-4AmAAAN
2026-03-31 13:26:48.075 | INFO     | app.core.socket_manager:connect:26 - Client connected: tjnQTbs8xKt-zuLuAAAP
2026-03-31 13:26:48.099 | INFO     | app.core.socket_manager:connect:26 - Client connected: _X_j5ZQ5jkhKxVoNAAAR
2026-03-31 13:26:48.114 | INFO     | app.core.socket_manager:connect:26 - Client connected: zWIUgpSbq_BNPmvcAAAT
2026-03-31 13:26:52.641 | INFO     | app.core.socket_manager:disconnect:31 - Client disconnected: 21Tuh9CTJfvN1lcxAAAD
2026-03-31 13:26:52.642 | INFO     | app.core.socket_manager:disconnect:31 - Client disconnected: tjnQTbs8xKt-zuLuAAAP
2026-03-31 13:26:52.642 | INFO     | app.core.socket_manager:disconnect:31 - Client disconnected: IgDf1l7X-1bfW9dbAAAJ
2026-03-31 13:26:52.642 | INFO     | app.core.socket_manager:disconnect:31 - Client disconnected: _X_j5ZQ5jkhKxVoNAAAR
2026-03-31 13:26:52.643 | INFO     | app.core.socket_manager:disconnect:31 - Client disconnected: o83N8OSQbAwhV44WAAAF
2026-03-31 13:26:52.643 | INFO     | app.core.socket_manager:disconnect:31 - Client disconnected: yoGQB3IuumvUEwQiAAAL
2026-03-31 13:26:52.643 | INFO     | app.core.socket_manager:disconnect:31 - Client disconnected: zWIUgpSbq_BNPmvcAAAT
2026-03-31 13:26:52.644 | INFO     | app.core.socket_manager:disconnect:31 - Client disconnected: QSbpx7HCTU4n4ucvAAAH
2026-03-31 13:26:52.644 | INFO     | app.core.socket_manager:disconnect:31 - Client disconnected: uNjEYyYOT0go-4AmAAAN
2026-03-31 13:26:52.644 | INFO     | app.core.socket_manager:disconnect:31 - Client disconnected: BWI4LsIF8XGfmooFAAAB
2026-03-31 13:26:52.743 | INFO     | app.main:shutdown_event:142 - Shutting down Bet261 Prediction Engine...
2026-03-31 13:26:58.834 | INFO     | app.main:startup_event:68 - Starting Bet261 Prediction Engine...
2026-03-31 13:26:58.845 | INFO     | app.main:startup_event:73 - Database initialized
2026-03-31 13:26:58.848 | INFO     | app.services.ml_ensemble:load_models:422 - Loaded logistic_regression
2026-03-31 13:26:59.093 | INFO     | app.services.ml_ensemble:load_models:422 - Loaded random_forest
2026-03-31 13:26:59.130 | INFO     | app.services.ml_ensemble:load_models:422 - Loaded gradient_boosting
2026-03-31 13:26:59.260 | INFO     | app.services.ml_ensemble:load_models:422 - Loaded xgboost
2026-03-31 13:26:59.317 | INFO     | app.services.ml_ensemble:load_models:422 - Loaded lightgbm
2026-03-31 13:26:59.322 | INFO     | app.services.ml_ensemble:load_models:422 - Loaded mlp
2026-03-31 13:26:59.328 | INFO     | app.services.ml_ensemble:load_models:422 - Loaded catboost
2026-03-31 13:26:59.331 | INFO     | app.services.ml_ensemble:load_models:440 - All models loaded successfully
2026-03-31 13:26:59.332 | INFO     | app.services.continuous_learning:load_models:156 - Loaded saved ML models
2026-03-31 13:26:59.332 | INFO     | app.main:startup_event:82 - ML models loaded
2026-03-31 13:26:59.333 | INFO     | app.services.bankroll_v2:_load_state:119 - Bankroll loaded: 100000 Ar, Season: None
2026-03-31 13:26:59.334 | WARNING  | app.services.lstm_model:_build_model:58 - TensorFlow non disponible. Le LSTM tournera en mode Heuristique (Fallback numpy).
2026-03-31 13:26:59.335 | INFO     | app.services.match_analyzer:__init__:36 - MatchAnalyzer initialized with learner weights: V=1.00, N=1.00, D=1.00
2026-03-31 13:26:59.336 | INFO     | app.services.realtime_engine:_load_optimization_config:1415 - Configuration optimisée chargée depuis 9000+ matchs
2026-03-31 13:26:59.336 | INFO     | app.services.aggressive_learner:load_learning_state:344 - État d'apprentissage chargé: outcome_weights={'V': 1.0, 'N': 0.9, 'D': 0.9}
2026-03-31 13:26:59.337 | INFO     | app.services.realtime_engine:__init__:99 - Aggressive learner chargé: {'outcome_weights': {'V': 1.0, 'N': 0.9, 'D': 0.9}, 'model_weights': {'engine': 0.25, 'ml': 0.45, 'odds': 0.22, 'h2h': 0.08}, 'context_corrections_count': 2}
2026-03-31 13:26:59.354 | INFO     | app.services.realtime_engine:_load_persisted_state:1541 - Loaded cache state with 43 items
2026-03-31 13:26:59.355 | INFO     | app.services.rl_agent:load:185 - RL agent loaded: 0 states
2026-03-31 13:26:59.356 | INFO     | app.services.error_autopsy:load:437 - Error autopsy system loaded
2026-03-31 13:26:59.357 | INFO     | app.services.bankroll_v2:load:533 - Bankroll loaded: 100000 Ar
2026-03-31 13:26:59.357 | INFO     | app.services.realtime_engine:_load_persisted_state:1571 - Engine state loaded
2026-03-31 13:26:59.357 | INFO     | app.services.realtime_engine:_ensure_cache_initialized:191 - Cache initialized with 43 items - READY
2026-03-31 13:26:59.369 | INFO     | app.services.realtime_engine:_save_cache_to_disk:209 - Saved cache state to disk: 43 items
2026-03-31 13:26:59.370 | INFO     | app.services.realtime_engine:__init__:123 - RealTimeEngine initialized - cache ready
2026-03-31 13:26:59.370 | INFO     | app.services.realtime_engine:start:131 - RealTimeEngine starting background threads...
2026-03-31 13:26:59.370 | INFO     | app.main:startup_event:93 - Real-Time Engine started
2026-03-31 13:26:59.856 | INFO     | app.services.realtime_engine:load_historical_results:1402 - Loaded 14890 historical results into engine
2026-03-31 13:26:59.856 | INFO     | app.main:startup_event:126 - Loaded 14890 historical results into RT engine
2026-03-31 13:26:59.864 | INFO     | app.main:startup_event:135 - Orchestrator disabled - manual scraping control enabled
2026-03-31 13:26:59.864 | INFO     | app.main:startup_event:137 - Application started successfully
2026-03-31 13:26:59.910 | INFO     | app.core.socket_manager:connect:26 - Client connected: _Vd2O92kFZUIqxdNAAAB
2026-03-31 13:26:59.931 | INFO     | app.core.socket_manager:connect:26 - Client connected: 7_Xv96B4-J1eflLnAAAD
2026-03-31 13:26:59.947 | INFO     | app.core.socket_manager:connect:26 - Client connected: SEDZKnHAsmnbLiv7AAAF
2026-03-31 13:26:59.961 | INFO     | app.core.socket_manager:connect:26 - Client connected: dD1uMzObNUhK1zJmAAAH
2026-03-31 13:26:59.977 | INFO     | app.core.socket_manager:connect:26 - Client connected: oRx-56rOdj85B8NDAAAJ
2026-03-31 13:26:59.993 | INFO     | app.core.socket_manager:connect:26 - Client connected: xcVLHpJjxwGxCc4uAAAL
2026-03-31 13:27:00.010 | INFO     | app.core.socket_manager:connect:26 - Client connected: 6HTWevvnw-To4LV6AAAN
2026-03-31 13:27:00.026 | INFO     | app.core.socket_manager:connect:26 - Client connected: J0LidtAmClPP3zp7AAAP
2026-03-31 13:27:00.048 | INFO     | app.core.socket_manager:connect:26 - Client connected: nKPYlAP56wpQWpohAAAR
2026-03-31 13:27:00.065 | INFO     | app.core.socket_manager:connect:26 - Client connected: HK8cJ-YRoYUqnM5nAAAT
2026-03-31 13:28:23.942 | INFO     | app.core.socket_manager:disconnect:31 - Client disconnected: 7_Xv96B4-J1eflLnAAAD
2026-03-31 13:28:23.942 | INFO     | app.core.socket_manager:disconnect:31 - Client disconnected: J0LidtAmClPP3zp7AAAP
2026-03-31 13:28:23.943 | INFO     | app.core.socket_manager:disconnect:31 - Client disconnected: oRx-56rOdj85B8NDAAAJ
2026-03-31 13:28:23.943 | INFO     | app.core.socket_manager:disconnect:31 - Client disconnected: nKPYlAP56wpQWpohAAAR
2026-03-31 13:28:23.943 | INFO     | app.core.socket_manager:disconnect:31 - Client disconnected: SEDZKnHAsmnbLiv7AAAF
2026-03-31 13:28:23.944 | INFO     | app.core.socket_manager:disconnect:31 - Client disconnected: xcVLHpJjxwGxCc4uAAAL
2026-03-31 13:28:23.944 | INFO     | app.core.socket_manager:disconnect:31 - Client disconnected: HK8cJ-YRoYUqnM5nAAAT
2026-03-31 13:28:23.944 | INFO     | app.core.socket_manager:disconnect:31 - Client disconnected: dD1uMzObNUhK1zJmAAAH
2026-03-31 13:28:23.945 | INFO     | app.core.socket_manager:disconnect:31 - Client disconnected: 6HTWevvnw-To4LV6AAAN
2026-03-31 13:28:23.946 | INFO     | app.core.socket_manager:disconnect:31 - Client disconnected: _Vd2O92kFZUIqxdNAAAB
2026-03-31 13:28:24.040 | INFO     | app.main:shutdown_event:142 - Shutting down Bet261 Prediction Engine...
2026-03-31 13:28:30.844 | INFO     | app.main:startup_event:68 - Starting Bet261 Prediction Engine...
2026-03-31 13:28:30.855 | INFO     | app.main:startup_event:73 - Database initialized
2026-03-31 13:28:30.858 | INFO     | app.services.ml_ensemble:load_models:422 - Loaded logistic_regression
2026-03-31 13:28:31.134 | INFO     | app.services.ml_ensemble:load_models:422 - Loaded random_forest
2026-03-31 13:28:31.170 | INFO     | app.services.ml_ensemble:load_models:422 - Loaded gradient_boosting
2026-03-31 13:28:31.341 | INFO     | app.services.ml_ensemble:load_models:422 - Loaded xgboost
2026-03-31 13:28:31.415 | INFO     | app.services.ml_ensemble:load_models:422 - Loaded lightgbm
2026-03-31 13:28:31.422 | INFO     | app.services.ml_ensemble:load_models:422 - Loaded mlp
2026-03-31 13:28:31.430 | INFO     | app.services.ml_ensemble:load_models:422 - Loaded catboost
2026-03-31 13:28:31.434 | INFO     | app.services.ml_ensemble:load_models:440 - All models loaded successfully
2026-03-31 13:28:31.434 | INFO     | app.services.continuous_learning:load_models:156 - Loaded saved ML models
2026-03-31 13:28:31.434 | INFO     | app.main:startup_event:82 - ML models loaded
2026-03-31 13:28:31.435 | INFO     | app.services.bankroll_v2:_load_state:119 - Bankroll loaded: 100000 Ar, Season: None
2026-03-31 13:28:31.437 | WARNING  | app.services.lstm_model:_build_model:58 - TensorFlow non disponible. Le LSTM tournera en mode Heuristique (Fallback numpy).
2026-03-31 13:28:31.438 | INFO     | app.services.match_analyzer:__init__:36 - MatchAnalyzer initialized with learner weights: V=1.00, N=1.00, D=1.00
2026-03-31 13:28:31.438 | INFO     | app.services.realtime_engine:_load_optimization_config:1415 - Configuration optimisée chargée depuis 9000+ matchs
2026-03-31 13:28:31.439 | INFO     | app.services.aggressive_learner:load_learning_state:344 - État d'apprentissage chargé: outcome_weights={'V': 1.0, 'N': 0.9, 'D': 0.9}
2026-03-31 13:28:31.439 | INFO     | app.services.realtime_engine:__init__:99 - Aggressive learner chargé: {'outcome_weights': {'V': 1.0, 'N': 0.9, 'D': 0.9}, 'model_weights': {'engine': 0.25, 'ml': 0.45, 'odds': 0.22, 'h2h': 0.08}, 'context_corrections_count': 2}
2026-03-31 13:28:31.458 | INFO     | app.services.realtime_engine:_load_persisted_state:1541 - Loaded cache state with 43 items
2026-03-31 13:28:31.458 | INFO     | app.services.rl_agent:load:185 - RL agent loaded: 0 states
2026-03-31 13:28:31.459 | INFO     | app.services.error_autopsy:load:437 - Error autopsy system loaded
2026-03-31 13:28:31.460 | INFO     | app.services.bankroll_v2:load:533 - Bankroll loaded: 100000 Ar
2026-03-31 13:28:31.460 | INFO     | app.services.realtime_engine:_load_persisted_state:1571 - Engine state loaded
2026-03-31 13:28:31.460 | INFO     | app.services.realtime_engine:_ensure_cache_initialized:191 - Cache initialized with 43 items - READY
2026-03-31 13:28:31.472 | INFO     | app.services.realtime_engine:_save_cache_to_disk:209 - Saved cache state to disk: 43 items
2026-03-31 13:28:31.473 | INFO     | app.services.realtime_engine:__init__:123 - RealTimeEngine initialized - cache ready
2026-03-31 13:28:31.473 | INFO     | app.services.realtime_engine:start:131 - RealTimeEngine starting background threads...
2026-03-31 13:28:31.473 | INFO     | app.main:startup_event:93 - Real-Time Engine started
2026-03-31 13:28:31.915 | INFO     | app.services.realtime_engine:load_historical_results:1402 - Loaded 14890 historical results into engine
2026-03-31 13:28:31.915 | INFO     | app.main:startup_event:126 - Loaded 14890 historical results into RT engine
2026-03-31 13:28:31.920 | INFO     | app.main:startup_event:135 - Orchestrator disabled - manual scraping control enabled
2026-03-31 13:28:31.920 | INFO     | app.main:startup_event:137 - Application started successfully
2026-03-31 13:28:31.959 | INFO     | app.core.socket_manager:connect:26 - Client connected: uGW4xP1UnXz6OcKmAAAB
2026-03-31 13:28:31.983 | INFO     | app.core.socket_manager:connect:26 - Client connected: Ga5BFw8VFXydUluiAAAD
2026-03-31 13:28:31.998 | INFO     | app.core.socket_manager:connect:26 - Client connected: LO15KU3wRadw5go-AAAF
2026-03-31 13:28:32.013 | INFO     | app.core.socket_manager:connect:26 - Client connected: e8qhgBEztinCfQ3-AAAH
2026-03-31 13:28:32.029 | INFO     | app.core.socket_manager:connect:26 - Client connected: GlxVChKwMS0WCLInAAAJ
2026-03-31 13:28:32.045 | INFO     | app.core.socket_manager:connect:26 - Client connected: drS_UOcjWsrj-IGcAAAL
2026-03-31 13:28:32.063 | INFO     | app.core.socket_manager:connect:26 - Client connected: ug32XRg4eyWhUGVAAAAN
2026-03-31 13:28:32.079 | INFO     | app.core.socket_manager:connect:26 - Client connected: hQfvQI_LdNoh5MDxAAAP
2026-03-31 13:28:32.099 | INFO     | app.core.socket_manager:connect:26 - Client connected: q8h51Jvph8G20qaiAAAR
2026-03-31 13:28:32.113 | INFO     | app.core.socket_manager:connect:26 - Client connected: -RJdBgyVNzwf842-AAAT
2026-03-31 13:28:39.972 | INFO     | app.core.socket_manager:disconnect:31 - Client disconnected: uGW4xP1UnXz6OcKmAAAB
2026-03-31 13:28:39.972 | INFO     | app.core.socket_manager:disconnect:31 - Client disconnected: q8h51Jvph8G20qaiAAAR
2026-03-31 13:28:39.973 | INFO     | app.core.socket_manager:disconnect:31 - Client disconnected: -RJdBgyVNzwf842-AAAT
2026-03-31 13:28:39.973 | INFO     | app.core.socket_manager:disconnect:31 - Client disconnected: ug32XRg4eyWhUGVAAAAN
2026-03-31 13:28:39.973 | INFO     | app.core.socket_manager:disconnect:31 - Client disconnected: hQfvQI_LdNoh5MDxAAAP
2026-03-31 13:28:39.974 | INFO     | app.core.socket_manager:disconnect:31 - Client disconnected: Ga5BFw8VFXydUluiAAAD
2026-03-31 13:28:39.974 | INFO     | app.core.socket_manager:disconnect:31 - Client disconnected: LO15KU3wRadw5go-AAAF
2026-03-31 13:28:39.975 | INFO     | app.core.socket_manager:disconnect:31 - Client disconnected: drS_UOcjWsrj-IGcAAAL
2026-03-31 13:28:39.975 | INFO     | app.core.socket_manager:disconnect:31 - Client disconnected: GlxVChKwMS0WCLInAAAJ
2026-03-31 13:28:39.975 | INFO     | app.core.socket_manager:disconnect:31 - Client disconnected: e8qhgBEztinCfQ3-AAAH
2026-03-31 13:28:40.071 | INFO     | app.main:shutdown_event:142 - Shutting down Bet261 Prediction Engine...
2026-03-31 13:28:45.834 | INFO     | app.main:startup_event:68 - Starting Bet261 Prediction Engine...
2026-03-31 13:28:45.845 | INFO     | app.main:startup_event:73 - Database initialized
2026-03-31 13:28:45.846 | INFO     | app.services.ml_ensemble:load_models:422 - Loaded logistic_regression
2026-03-31 13:28:46.042 | INFO     | app.services.ml_ensemble:load_models:422 - Loaded random_forest
2026-03-31 13:28:46.069 | INFO     | app.services.ml_ensemble:load_models:422 - Loaded gradient_boosting
2026-03-31 13:28:46.215 | INFO     | app.services.ml_ensemble:load_models:422 - Loaded xgboost
2026-03-31 13:28:46.273 | INFO     | app.services.ml_ensemble:load_models:422 - Loaded lightgbm
2026-03-31 13:28:46.280 | INFO     | app.services.ml_ensemble:load_models:422 - Loaded mlp
2026-03-31 13:28:46.287 | INFO     | app.services.ml_ensemble:load_models:422 - Loaded catboost
2026-03-31 13:28:46.290 | INFO     | app.services.ml_ensemble:load_models:440 - All models loaded successfully
2026-03-31 13:28:46.291 | INFO     | app.services.continuous_learning:load_models:156 - Loaded saved ML models
2026-03-31 13:28:46.291 | INFO     | app.main:startup_event:82 - ML models loaded
2026-03-31 13:28:46.292 | INFO     | app.services.bankroll_v2:_load_state:119 - Bankroll loaded: 100000 Ar, Season: None
2026-03-31 13:28:46.294 | WARNING  | app.services.lstm_model:_build_model:58 - TensorFlow non disponible. Le LSTM tournera en mode Heuristique (Fallback numpy).
2026-03-31 13:28:46.295 | INFO     | app.services.match_analyzer:__init__:36 - MatchAnalyzer initialized with learner weights: V=1.00, N=1.00, D=1.00
2026-03-31 13:28:46.296 | INFO     | app.services.realtime_engine:_load_optimization_config:1415 - Configuration optimisée chargée depuis 9000+ matchs
2026-03-31 13:28:46.296 | INFO     | app.services.aggressive_learner:load_learning_state:344 - État d'apprentissage chargé: outcome_weights={'V': 1.0, 'N': 0.9, 'D': 0.9}
2026-03-31 13:28:46.297 | INFO     | app.services.realtime_engine:__init__:99 - Aggressive learner chargé: {'outcome_weights': {'V': 1.0, 'N': 0.9, 'D': 0.9}, 'model_weights': {'engine': 0.25, 'ml': 0.45, 'odds': 0.22, 'h2h': 0.08}, 'context_corrections_count': 2}
2026-03-31 13:28:46.318 | INFO     | app.services.realtime_engine:_load_persisted_state:1541 - Loaded cache state with 43 items
2026-03-31 13:28:46.319 | INFO     | app.services.rl_agent:load:185 - RL agent loaded: 0 states
2026-03-31 13:28:46.320 | INFO     | app.services.error_autopsy:load:437 - Error autopsy system loaded
2026-03-31 13:28:46.321 | INFO     | app.services.bankroll_v2:load:533 - Bankroll loaded: 100000 Ar
2026-03-31 13:28:46.321 | INFO     | app.services.realtime_engine:_load_persisted_state:1571 - Engine state loaded
2026-03-31 13:28:46.322 | INFO     | app.services.realtime_engine:_ensure_cache_initialized:191 - Cache initialized with 43 items - READY
2026-03-31 13:28:46.333 | INFO     | app.services.realtime_engine:_save_cache_to_disk:209 - Saved cache state to disk: 43 items
2026-03-31 13:28:46.334 | INFO     | app.services.realtime_engine:__init__:123 - RealTimeEngine initialized - cache ready
2026-03-31 13:28:46.334 | INFO     | app.services.realtime_engine:start:131 - RealTimeEngine starting background threads...
2026-03-31 13:28:46.334 | INFO     | app.main:startup_event:93 - Real-Time Engine started
2026-03-31 13:28:46.759 | INFO     | app.services.realtime_engine:load_historical_results:1402 - Loaded 14890 historical results into engine
2026-03-31 13:28:46.759 | INFO     | app.main:startup_event:126 - Loaded 14890 historical results into RT engine
2026-03-31 13:28:46.770 | INFO     | app.main:startup_event:135 - Orchestrator disabled - manual scraping control enabled
2026-03-31 13:28:46.770 | INFO     | app.main:startup_event:137 - Application started successfully
2026-03-31 13:28:46.802 | INFO     | app.core.socket_manager:connect:26 - Client connected: c95L6AKpa0EV2rhGAAAB
2026-03-31 13:28:46.822 | INFO     | app.core.socket_manager:connect:26 - Client connected: QfWHGkjp7oOCcA11AAAD
2026-03-31 13:28:46.839 | INFO     | app.core.socket_manager:connect:26 - Client connected: d0-IjWu2bhWQhANgAAAF
2026-03-31 13:28:46.854 | INFO     | app.core.socket_manager:connect:26 - Client connected: 5X9ZSfzWae-kMIgTAAAH
2026-03-31 13:28:46.869 | INFO     | app.core.socket_manager:connect:26 - Client connected: RC733K-XPa_mFZQxAAAJ
2026-03-31 13:28:46.885 | INFO     | app.core.socket_manager:connect:26 - Client connected: 0fVXHBQl2SxeNSHNAAAL
2026-03-31 13:28:46.900 | INFO     | app.core.socket_manager:connect:26 - Client connected: Z1QpZPct3sSgoRtOAAAN
2026-03-31 13:28:46.916 | INFO     | app.core.socket_manager:connect:26 - Client connected: e0P5Wmyx53BaQeTBAAAP
2026-03-31 13:28:46.931 | INFO     | app.core.socket_manager:connect:26 - Client connected: 7JqAGSNNr71DM1XFAAAR
2026-03-31 13:28:46.947 | INFO     | app.core.socket_manager:connect:26 - Client connected: Kh9S9yFu1TMlg1uuAAAT
2026-03-31 13:30:42.309 | INFO     | app.core.socket_manager:disconnect:31 - Client disconnected: QfWHGkjp7oOCcA11AAAD
2026-03-31 13:30:42.310 | INFO     | app.core.socket_manager:disconnect:31 - Client disconnected: e0P5Wmyx53BaQeTBAAAP
2026-03-31 13:30:42.310 | INFO     | app.core.socket_manager:disconnect:31 - Client disconnected: RC733K-XPa_mFZQxAAAJ
2026-03-31 13:30:42.311 | INFO     | app.core.socket_manager:disconnect:31 - Client disconnected: 7JqAGSNNr71DM1XFAAAR
2026-03-31 13:30:42.311 | INFO     | app.core.socket_manager:disconnect:31 - Client disconnected: d0-IjWu2bhWQhANgAAAF
2026-03-31 13:30:42.312 | INFO     | app.core.socket_manager:disconnect:31 - Client disconnected: 0fVXHBQl2SxeNSHNAAAL
2026-03-31 13:30:42.312 | INFO     | app.core.socket_manager:disconnect:31 - Client disconnected: Kh9S9yFu1TMlg1uuAAAT
2026-03-31 13:30:42.313 | INFO     | app.core.socket_manager:disconnect:31 - Client disconnected: 5X9ZSfzWae-kMIgTAAAH
2026-03-31 13:30:42.313 | INFO     | app.core.socket_manager:disconnect:31 - Client disconnected: Z1QpZPct3sSgoRtOAAAN
2026-03-31 13:30:42.313 | INFO     | app.core.socket_manager:disconnect:31 - Client disconnected: c95L6AKpa0EV2rhGAAAB
2026-03-31 13:30:42.412 | INFO     | app.main:shutdown_event:142 - Shutting down Bet261 Prediction Engine...
2026-03-31 13:30:56.908 | INFO     | app.main:startup_event:68 - Starting Bet261 Prediction Engine...
2026-03-31 13:30:56.920 | INFO     | app.main:startup_event:73 - Database initialized
2026-03-31 13:30:56.922 | INFO     | app.services.ml_ensemble:load_models:422 - Loaded logistic_regression
2026-03-31 13:30:57.123 | INFO     | app.services.ml_ensemble:load_models:422 - Loaded random_forest
2026-03-31 13:30:57.157 | INFO     | app.services.ml_ensemble:load_models:422 - Loaded gradient_boosting
2026-03-31 13:30:57.321 | INFO     | app.services.ml_ensemble:load_models:422 - Loaded xgboost
2026-03-31 13:30:57.383 | INFO     | app.services.ml_ensemble:load_models:422 - Loaded lightgbm
2026-03-31 13:30:57.390 | INFO     | app.services.ml_ensemble:load_models:422 - Loaded mlp
2026-03-31 13:30:57.396 | INFO     | app.services.ml_ensemble:load_models:422 - Loaded catboost
2026-03-31 13:30:57.399 | INFO     | app.services.ml_ensemble:load_models:440 - All models loaded successfully
2026-03-31 13:30:57.400 | INFO     | app.services.continuous_learning:load_models:156 - Loaded saved ML models
2026-03-31 13:30:57.400 | INFO     | app.main:startup_event:82 - ML models loaded
2026-03-31 13:30:57.402 | INFO     | app.services.bankroll_v2:_load_state:119 - Bankroll loaded: 100000 Ar, Season: None
2026-03-31 13:30:57.403 | WARNING  | app.services.lstm_model:_build_model:58 - TensorFlow non disponible. Le LSTM tournera en mode Heuristique (Fallback numpy).
2026-03-31 13:30:57.404 | INFO     | app.services.match_analyzer:__init__:36 - MatchAnalyzer initialized with learner weights: V=1.00, N=1.00, D=1.00
2026-03-31 13:30:57.405 | INFO     | app.services.realtime_engine:_load_optimization_config:1415 - Configuration optimisée chargée depuis 9000+ matchs
2026-03-31 13:30:57.405 | INFO     | app.services.aggressive_learner:load_learning_state:344 - État d'apprentissage chargé: outcome_weights={'V': 1.0, 'N': 0.9, 'D': 0.9}
2026-03-31 13:30:57.406 | INFO     | app.services.realtime_engine:__init__:99 - Aggressive learner chargé: {'outcome_weights': {'V': 1.0, 'N': 0.9, 'D': 0.9}, 'model_weights': {'engine': 0.25, 'ml': 0.45, 'odds': 0.22, 'h2h': 0.08}, 'context_corrections_count': 2}
2026-03-31 13:30:57.428 | INFO     | app.services.realtime_engine:_load_persisted_state:1541 - Loaded cache state with 43 items
2026-03-31 13:30:57.428 | INFO     | app.services.rl_agent:load:185 - RL agent loaded: 0 states
2026-03-31 13:30:57.429 | INFO     | app.services.error_autopsy:load:437 - Error autopsy system loaded
2026-03-31 13:30:57.430 | INFO     | app.services.bankroll_v2:load:533 - Bankroll loaded: 100000 Ar
2026-03-31 13:30:57.430 | INFO     | app.services.realtime_engine:_load_persisted_state:1571 - Engine state loaded
2026-03-31 13:30:57.430 | INFO     | app.services.realtime_engine:_ensure_cache_initialized:191 - Cache initialized with 43 items - READY
2026-03-31 13:30:57.443 | INFO     | app.services.realtime_engine:_save_cache_to_disk:209 - Saved cache state to disk: 43 items
2026-03-31 13:30:57.443 | INFO     | app.services.realtime_engine:__init__:123 - RealTimeEngine initialized - cache ready
2026-03-31 13:30:57.444 | INFO     | app.services.realtime_engine:start:131 - RealTimeEngine starting background threads...
2026-03-31 13:30:57.444 | INFO     | app.main:startup_event:93 - Real-Time Engine started
2026-03-31 13:30:57.867 | INFO     | app.services.realtime_engine:load_historical_results:1402 - Loaded 14890 historical results into engine
2026-03-31 13:30:57.867 | INFO     | app.main:startup_event:126 - Loaded 14890 historical results into RT engine
2026-03-31 13:30:57.876 | INFO     | app.main:startup_event:135 - Orchestrator disabled - manual scraping control enabled
2026-03-31 13:30:57.876 | INFO     | app.main:startup_event:137 - Application started successfully
2026-03-31 13:30:57.913 | INFO     | app.core.socket_manager:connect:26 - Client connected: mXp6yX42W9og5s0bAAAB
2026-03-31 13:30:57.934 | INFO     | app.core.socket_manager:connect:26 - Client connected: jUMM1aJiyUGSNXG-AAAD
2026-03-31 13:30:57.948 | INFO     | app.core.socket_manager:connect:26 - Client connected: BjQKJCoKhpoYBVb_AAAF
2026-03-31 13:30:57.964 | INFO     | app.core.socket_manager:connect:26 - Client connected: 5JddTrlw8Nyk6e2-AAAH
2026-03-31 13:30:57.979 | INFO     | app.core.socket_manager:connect:26 - Client connected: 6vP-VLuN01xxy3WNAAAJ
2026-03-31 13:30:57.996 | INFO     | app.core.socket_manager:connect:26 - Client connected: fcCMPNnHDPE9yFwlAAAL
2026-03-31 13:30:58.011 | INFO     | app.core.socket_manager:connect:26 - Client connected: EuYqkik_DzLNDnOAAAAN
2026-03-31 13:30:58.037 | INFO     | app.core.socket_manager:connect:26 - Client connected: X3-f_PJXjf4V-g5DAAAP
2026-03-31 13:30:58.052 | INFO     | app.core.socket_manager:connect:26 - Client connected: mv6W2sf3t9kcLR1oAAAR
2026-03-31 13:30:58.068 | INFO     | app.core.socket_manager:connect:26 - Client connected: hEmcJPrUKQLO_ZM-AAAT
2026-03-31 13:31:05.358 | INFO     | app.core.socket_manager:disconnect:31 - Client disconnected: jUMM1aJiyUGSNXG-AAAD
2026-03-31 13:31:05.358 | INFO     | app.core.socket_manager:disconnect:31 - Client disconnected: X3-f_PJXjf4V-g5DAAAP
2026-03-31 13:31:05.359 | INFO     | app.core.socket_manager:disconnect:31 - Client disconnected: 6vP-VLuN01xxy3WNAAAJ
2026-03-31 13:31:05.359 | INFO     | app.core.socket_manager:disconnect:31 - Client disconnected: mv6W2sf3t9kcLR1oAAAR
2026-03-31 13:31:05.359 | INFO     | app.core.socket_manager:disconnect:31 - Client disconnected: BjQKJCoKhpoYBVb_AAAF
2026-03-31 13:31:05.360 | INFO     | app.core.socket_manager:disconnect:31 - Client disconnected: fcCMPNnHDPE9yFwlAAAL
2026-03-31 13:31:05.360 | INFO     | app.core.socket_manager:disconnect:31 - Client disconnected: hEmcJPrUKQLO_ZM-AAAT
2026-03-31 13:31:05.360 | INFO     | app.core.socket_manager:disconnect:31 - Client disconnected: 5JddTrlw8Nyk6e2-AAAH
2026-03-31 13:31:05.361 | INFO     | app.core.socket_manager:disconnect:31 - Client disconnected: EuYqkik_DzLNDnOAAAAN
2026-03-31 13:31:05.361 | INFO     | app.core.socket_manager:disconnect:31 - Client disconnected: mXp6yX42W9og5s0bAAAB
2026-03-31 13:31:05.462 | INFO     | app.main:shutdown_event:142 - Shutting down Bet261 Prediction Engine...
2026-03-31 13:31:11.313 | INFO     | app.main:startup_event:68 - Starting Bet261 Prediction Engine...
2026-03-31 13:31:11.321 | INFO     | app.main:startup_event:73 - Database initialized
2026-03-31 13:31:11.323 | INFO     | app.services.ml_ensemble:load_models:422 - Loaded logistic_regression
2026-03-31 13:31:11.521 | INFO     | app.services.ml_ensemble:load_models:422 - Loaded random_forest
2026-03-31 13:31:11.552 | INFO     | app.services.ml_ensemble:load_models:422 - Loaded gradient_boosting
2026-03-31 13:31:11.715 | INFO     | app.services.ml_ensemble:load_models:422 - Loaded xgboost
2026-03-31 13:31:11.778 | INFO     | app.services.ml_ensemble:load_models:422 - Loaded lightgbm
2026-03-31 13:31:11.786 | INFO     | app.services.ml_ensemble:load_models:422 - Loaded mlp
2026-03-31 13:31:11.792 | INFO     | app.services.ml_ensemble:load_models:422 - Loaded catboost
2026-03-31 13:31:11.795 | INFO     | app.services.ml_ensemble:load_models:440 - All models loaded successfully
2026-03-31 13:31:11.796 | INFO     | app.services.continuous_learning:load_models:156 - Loaded saved ML models
2026-03-31 13:31:11.796 | INFO     | app.main:startup_event:82 - ML models loaded
2026-03-31 13:31:11.797 | INFO     | app.services.bankroll_v2:_load_state:119 - Bankroll loaded: 100000 Ar, Season: None
2026-03-31 13:31:11.799 | WARNING  | app.services.lstm_model:_build_model:58 - TensorFlow non disponible. Le LSTM tournera en mode Heuristique (Fallback numpy).
2026-03-31 13:31:11.801 | INFO     | app.services.match_analyzer:__init__:36 - MatchAnalyzer initialized with learner weights: V=1.00, N=1.00, D=1.00
2026-03-31 13:31:11.801 | INFO     | app.services.realtime_engine:_load_optimization_config:1415 - Configuration optimisée chargée depuis 9000+ matchs
2026-03-31 13:31:11.802 | INFO     | app.services.aggressive_learner:load_learning_state:344 - État d'apprentissage chargé: outcome_weights={'V': 1.0, 'N': 0.9, 'D': 0.9}
2026-03-31 13:31:11.802 | INFO     | app.services.realtime_engine:__init__:99 - Aggressive learner chargé: {'outcome_weights': {'V': 1.0, 'N': 0.9, 'D': 0.9}, 'model_weights': {'engine': 0.25, 'ml': 0.45, 'odds': 0.22, 'h2h': 0.08}, 'context_corrections_count': 2}
2026-03-31 13:31:11.822 | INFO     | app.services.realtime_engine:_load_persisted_state:1541 - Loaded cache state with 43 items
2026-03-31 13:31:11.823 | INFO     | app.services.rl_agent:load:185 - RL agent loaded: 0 states
2026-03-31 13:31:11.825 | INFO     | app.services.error_autopsy:load:437 - Error autopsy system loaded
2026-03-31 13:31:11.825 | INFO     | app.services.bankroll_v2:load:533 - Bankroll loaded: 100000 Ar
2026-03-31 13:31:11.826 | INFO     | app.services.realtime_engine:_load_persisted_state:1571 - Engine state loaded
2026-03-31 13:31:11.826 | INFO     | app.services.realtime_engine:_ensure_cache_initialized:191 - Cache initialized with 43 items - READY
2026-03-31 13:31:11.837 | INFO     | app.services.realtime_engine:_save_cache_to_disk:209 - Saved cache state to disk: 43 items
2026-03-31 13:31:11.837 | INFO     | app.services.realtime_engine:__init__:123 - RealTimeEngine initialized - cache ready
2026-03-31 13:31:11.838 | INFO     | app.services.realtime_engine:start:131 - RealTimeEngine starting background threads...
2026-03-31 13:31:11.838 | INFO     | app.main:startup_event:93 - Real-Time Engine started
2026-03-31 13:31:12.287 | INFO     | app.services.realtime_engine:load_historical_results:1402 - Loaded 14890 historical results into engine
2026-03-31 13:31:12.288 | INFO     | app.main:startup_event:126 - Loaded 14890 historical results into RT engine
2026-03-31 13:31:12.300 | INFO     | app.main:startup_event:135 - Orchestrator disabled - manual scraping control enabled
2026-03-31 13:31:12.300 | INFO     | app.main:startup_event:137 - Application started successfully
2026-03-31 13:31:12.339 | INFO     | app.core.socket_manager:connect:26 - Client connected: 8LnMk1R22aZ9S0WOAAAB
2026-03-31 13:31:12.367 | INFO     | app.core.socket_manager:connect:26 - Client connected: hPecdo5LYWRKdOKGAAAD
2026-03-31 13:31:12.392 | INFO     | app.core.socket_manager:connect:26 - Client connected: 82AKfUZFoQYfbh3OAAAF
2026-03-31 13:31:12.408 | INFO     | app.core.socket_manager:connect:26 - Client connected: 9SVtwEp-qk_mywgSAAAH
2026-03-31 13:31:12.424 | INFO     | app.core.socket_manager:connect:26 - Client connected: OgBxPYt6rE5FOuI7AAAJ
2026-03-31 13:31:12.451 | INFO     | app.core.socket_manager:connect:26 - Client connected: NmzBkDgCY8i7_O6OAAAL
2026-03-31 13:31:12.466 | INFO     | app.core.socket_manager:connect:26 - Client connected: FDTwtExGZZ2Bhe_XAAAN
2026-03-31 13:31:12.483 | INFO     | app.core.socket_manager:connect:26 - Client connected: Zr-dFK_5JxhjdgtHAAAP
2026-03-31 13:31:12.498 | INFO     | app.core.socket_manager:connect:26 - Client connected: eNAnPIhb3vp-g25gAAAR
2026-03-31 13:31:12.513 | INFO     | app.core.socket_manager:connect:26 - Client connected: MSYV-4rjD8HdT2bAAAAT
2026-03-31 13:31:13.118 | INFO     | app.core.socket_manager:disconnect:31 - Client disconnected: hPecdo5LYWRKdOKGAAAD
2026-03-31 13:31:13.119 | INFO     | app.core.socket_manager:disconnect:31 - Client disconnected: Zr-dFK_5JxhjdgtHAAAP
2026-03-31 13:31:13.119 | INFO     | app.core.socket_manager:disconnect:31 - Client disconnected: OgBxPYt6rE5FOuI7AAAJ
2026-03-31 13:31:13.119 | INFO     | app.core.socket_manager:disconnect:31 - Client disconnected: eNAnPIhb3vp-g25gAAAR
2026-03-31 13:31:13.120 | INFO     | app.core.socket_manager:disconnect:31 - Client disconnected: 82AKfUZFoQYfbh3OAAAF
2026-03-31 13:31:13.120 | INFO     | app.core.socket_manager:disconnect:31 - Client disconnected: NmzBkDgCY8i7_O6OAAAL
2026-03-31 13:31:13.121 | INFO     | app.core.socket_manager:disconnect:31 - Client disconnected: MSYV-4rjD8HdT2bAAAAT
2026-03-31 13:31:13.121 | INFO     | app.core.socket_manager:disconnect:31 - Client disconnected: 9SVtwEp-qk_mywgSAAAH
2026-03-31 13:31:13.121 | INFO     | app.core.socket_manager:disconnect:31 - Client disconnected: FDTwtExGZZ2Bhe_XAAAN
2026-03-31 13:31:13.122 | INFO     | app.core.socket_manager:disconnect:31 - Client disconnected: 8LnMk1R22aZ9S0WOAAAB
2026-03-31 13:31:13.221 | INFO     | app.main:shutdown_event:142 - Shutting down Bet261 Prediction Engine...
2026-03-31 13:31:27.756 | INFO     | app.main:startup_event:68 - Starting Bet261 Prediction Engine...
2026-03-31 13:31:27.767 | INFO     | app.main:startup_event:73 - Database initialized
2026-03-31 13:31:27.768 | INFO     | app.services.ml_ensemble:load_models:422 - Loaded logistic_regression
2026-03-31 13:31:28.083 | INFO     | app.services.ml_ensemble:load_models:422 - Loaded random_forest
2026-03-31 13:31:28.117 | INFO     | app.services.ml_ensemble:load_models:422 - Loaded gradient_boosting
2026-03-31 13:31:28.288 | INFO     | app.services.ml_ensemble:load_models:422 - Loaded xgboost
2026-03-31 13:31:28.354 | INFO     | app.services.ml_ensemble:load_models:422 - Loaded lightgbm
2026-03-31 13:31:28.361 | INFO     | app.services.ml_ensemble:load_models:422 - Loaded mlp
2026-03-31 13:31:28.367 | INFO     | app.services.ml_ensemble:load_models:422 - Loaded catboost
2026-03-31 13:31:28.370 | INFO     | app.services.ml_ensemble:load_models:440 - All models loaded successfully
2026-03-31 13:31:28.371 | INFO     | app.services.continuous_learning:load_models:156 - Loaded saved ML models
2026-03-31 13:31:28.371 | INFO     | app.main:startup_event:82 - ML models loaded
2026-03-31 13:31:28.372 | INFO     | app.services.bankroll_v2:_load_state:119 - Bankroll loaded: 100000 Ar, Season: None
2026-03-31 13:31:28.373 | WARNING  | app.services.lstm_model:_build_model:58 - TensorFlow non disponible. Le LSTM tournera en mode Heuristique (Fallback numpy).
2026-03-31 13:31:28.375 | INFO     | app.services.match_analyzer:__init__:36 - MatchAnalyzer initialized with learner weights: V=1.00, N=1.00, D=1.00
2026-03-31 13:31:28.375 | INFO     | app.services.realtime_engine:_load_optimization_config:1415 - Configuration optimisée chargée depuis 9000+ matchs
2026-03-31 13:31:28.376 | INFO     | app.services.aggressive_learner:load_learning_state:344 - État d'apprentissage chargé: outcome_weights={'V': 1.0, 'N': 0.9, 'D': 0.9}
2026-03-31 13:31:28.376 | INFO     | app.services.realtime_engine:__init__:99 - Aggressive learner chargé: {'outcome_weights': {'V': 1.0, 'N': 0.9, 'D': 0.9}, 'model_weights': {'engine': 0.25, 'ml': 0.45, 'odds': 0.22, 'h2h': 0.08}, 'context_corrections_count': 2}
2026-03-31 13:31:28.397 | INFO     | app.services.realtime_engine:_load_persisted_state:1541 - Loaded cache state with 43 items
2026-03-31 13:31:28.398 | INFO     | app.services.rl_agent:load:185 - RL agent loaded: 0 states
2026-03-31 13:31:28.398 | INFO     | app.services.error_autopsy:load:437 - Error autopsy system loaded
2026-03-31 13:31:28.399 | INFO     | app.services.bankroll_v2:load:533 - Bankroll loaded: 100000 Ar
2026-03-31 13:31:28.399 | INFO     | app.services.realtime_engine:_load_persisted_state:1571 - Engine state loaded
2026-03-31 13:31:28.400 | INFO     | app.services.realtime_engine:_ensure_cache_initialized:191 - Cache initialized with 43 items - READY
2026-03-31 13:31:28.410 | INFO     | app.services.realtime_engine:_save_cache_to_disk:209 - Saved cache state to disk: 43 items
2026-03-31 13:31:28.410 | INFO     | app.services.realtime_engine:__init__:123 - RealTimeEngine initialized - cache ready
2026-03-31 13:31:28.411 | INFO     | app.services.realtime_engine:start:131 - RealTimeEngine starting background threads...
2026-03-31 13:31:28.411 | INFO     | app.main:startup_event:93 - Real-Time Engine started
2026-03-31 13:31:28.894 | INFO     | app.services.realtime_engine:load_historical_results:1402 - Loaded 14890 historical results into engine
2026-03-31 13:31:28.894 | INFO     | app.main:startup_event:126 - Loaded 14890 historical results into RT engine
2026-03-31 13:31:28.904 | INFO     | app.main:startup_event:135 - Orchestrator disabled - manual scraping control enabled
2026-03-31 13:31:28.904 | INFO     | app.main:startup_event:137 - Application started successfully
2026-03-31 13:31:28.947 | INFO     | app.core.socket_manager:connect:26 - Client connected: 5yijxfQgtJoQ3KCBAAAB
2026-03-31 13:31:28.964 | INFO     | app.core.socket_manager:connect:26 - Client connected: B-OojYEiM1G2JchgAAAD
2026-03-31 13:31:28.987 | INFO     | app.core.socket_manager:connect:26 - Client connected: 6swEQzJz4ZB10Ko5AAAF
2026-03-31 13:31:29.014 | INFO     | app.core.socket_manager:connect:26 - Client connected: j3EfhEshp8DEez6pAAAH
2026-03-31 13:31:29.031 | INFO     | app.core.socket_manager:connect:26 - Client connected: a2I6K8aYr2GpOOPLAAAJ
2026-03-31 13:31:29.054 | INFO     | app.core.socket_manager:connect:26 - Client connected: l9yhj5U3VGW2_BG5AAAL
2026-03-31 13:31:29.074 | INFO     | app.core.socket_manager:connect:26 - Client connected: MRWFQmOYhzKw_kkcAAAN
2026-03-31 13:31:29.092 | INFO     | app.core.socket_manager:connect:26 - Client connected: s6GiJwTz1vHyb8D-AAAP
2026-03-31 13:31:29.111 | INFO     | app.core.socket_manager:connect:26 - Client connected: mda0evM477EW2JtpAAAR
2026-03-31 13:31:29.139 | INFO     | app.core.socket_manager:connect:26 - Client connected: z7aLyGg18p5kh1yCAAAT
2026-03-31 13:31:59.447 | INFO     | app.main:startup_event:68 - Starting Bet261 Prediction Engine...
2026-03-31 13:31:59.460 | INFO     | app.main:startup_event:73 - Database initialized
2026-03-31 13:31:59.462 | INFO     | app.services.ml_ensemble:load_models:422 - Loaded logistic_regression
2026-03-31 13:31:59.763 | INFO     | app.services.ml_ensemble:load_models:422 - Loaded random_forest
2026-03-31 13:31:59.806 | INFO     | app.services.ml_ensemble:load_models:422 - Loaded gradient_boosting
2026-03-31 13:31:59.963 | INFO     | app.services.ml_ensemble:load_models:422 - Loaded xgboost
2026-03-31 13:32:00.022 | INFO     | app.services.ml_ensemble:load_models:422 - Loaded lightgbm
2026-03-31 13:32:00.029 | INFO     | app.services.ml_ensemble:load_models:422 - Loaded mlp
2026-03-31 13:32:00.035 | INFO     | app.services.ml_ensemble:load_models:422 - Loaded catboost
2026-03-31 13:32:00.039 | INFO     | app.services.ml_ensemble:load_models:440 - All models loaded successfully
2026-03-31 13:32:00.040 | INFO     | app.services.continuous_learning:load_models:156 - Loaded saved ML models
2026-03-31 13:32:00.040 | INFO     | app.main:startup_event:82 - ML models loaded
2026-03-31 13:32:00.042 | INFO     | app.services.bankroll_v2:_load_state:119 - Bankroll loaded: 100000 Ar, Season: None
2026-03-31 13:32:00.044 | WARNING  | app.services.lstm_model:_build_model:58 - TensorFlow non disponible. Le LSTM tournera en mode Heuristique (Fallback numpy).
2026-03-31 13:32:00.045 | INFO     | app.services.match_analyzer:__init__:36 - MatchAnalyzer initialized with learner weights: V=1.00, N=1.00, D=1.00
2026-03-31 13:32:00.046 | INFO     | app.services.realtime_engine:_load_optimization_config:1415 - Configuration optimisée chargée depuis 9000+ matchs
2026-03-31 13:32:00.047 | INFO     | app.services.aggressive_learner:load_learning_state:344 - État d'apprentissage chargé: outcome_weights={'V': 1.0, 'N': 0.9, 'D': 0.9}
2026-03-31 13:32:00.048 | INFO     | app.services.realtime_engine:__init__:99 - Aggressive learner chargé: {'outcome_weights': {'V': 1.0, 'N': 0.9, 'D': 0.9}, 'model_weights': {'engine': 0.25, 'ml': 0.45, 'odds': 0.22, 'h2h': 0.08}, 'context_corrections_count': 2}
2026-03-31 13:32:00.066 | INFO     | app.services.realtime_engine:_load_persisted_state:1541 - Loaded cache state with 43 items
2026-03-31 13:32:00.067 | INFO     | app.services.rl_agent:load:185 - RL agent loaded: 0 states
2026-03-31 13:32:00.068 | INFO     | app.services.error_autopsy:load:437 - Error autopsy system loaded
2026-03-31 13:32:00.068 | INFO     | app.services.bankroll_v2:load:533 - Bankroll loaded: 100000 Ar
2026-03-31 13:32:00.069 | INFO     | app.services.realtime_engine:_load_persisted_state:1571 - Engine state loaded
2026-03-31 13:32:00.069 | INFO     | app.services.realtime_engine:_ensure_cache_initialized:191 - Cache initialized with 43 items - READY
2026-03-31 13:32:00.082 | INFO     | app.services.realtime_engine:_save_cache_to_disk:209 - Saved cache state to disk: 43 items
2026-03-31 13:32:00.084 | INFO     | app.services.realtime_engine:__init__:123 - RealTimeEngine initialized - cache ready
2026-03-31 13:32:00.085 | INFO     | app.services.realtime_engine:start:131 - RealTimeEngine starting background threads...
2026-03-31 13:32:00.085 | INFO     | app.main:startup_event:93 - Real-Time Engine started
2026-03-31 13:32:00.563 | INFO     | app.services.realtime_engine:load_historical_results:1402 - Loaded 14890 historical results into engine
2026-03-31 13:32:00.564 | INFO     | app.main:startup_event:126 - Loaded 14890 historical results into RT engine
2026-03-31 13:32:00.573 | INFO     | app.main:startup_event:135 - Orchestrator disabled - manual scraping control enabled
2026-03-31 13:32:00.574 | INFO     | app.main:startup_event:137 - Application started successfully
2026-03-31 13:32:32.160 | INFO     | app.main:shutdown_event:142 - Shutting down Bet261 Prediction Engine...
